2026-03-11 14:51:25 | INFO | 
🚀🚀🚀🚀🚀🚀🚀🚀🚀🚀🚀🚀🚀🚀🚀🚀🚀🚀🚀🚀
2026-03-11 14:51:25 | INFO | 🚀 반디퀼_트레이드봇-beta1 시작 🚀
2026-03-11 14:51:25 | INFO | 🚀 버전: beta1
2026-03-11 14:51:25 | INFO | 🚀 닉네임: 반디_봇
2026-03-11 14:51:25 | INFO | 🚀 모드: PAPER
2026-03-11 14:51:25 | INFO | 🚀 대상 종목: 4개
2026-03-11 14:51:25 | INFO | 🚀🚀🚀🚀🚀🚀🚀🚀🚀🚀🚀🚀🚀🚀🚀🚀🚀🚀🚀🚀

2026-03-11 14:51:25 | INFO | 🤖 반디퀼_트레이드봇-beta1 (반디_봇) 초기화 완료
2026-03-11 14:51:25 | INFO | 💰 초기 자본: 10,000,000원
2026-03-11 14:51:25 | INFO | 📊 모드: PAPER
2026-03-11 14:51:25 | INFO | 📂 새로운 시작
2026-03-11 14:51:25 | INFO | 
🔥🔥🔥🔥🔥🔥🔥🔥🔥🔥🔥🔥🔥🔥🔥🔥🔥🔥🔥🔥🔥🔥🔥🔥🔥🔥🔥🔥🔥🔥
2026-03-11 14:51:25 | INFO | 🔥 반디퀼_트레이드봇-beta1 스캔 시작: 4개 종목
2026-03-11 14:51:25 | INFO | 🔥🔥🔥🔥🔥🔥🔥🔥🔥🔥🔥🔥🔥🔥🔥🔥🔥🔥🔥🔥🔥🔥🔥🔥🔥🔥🔥🔥🔥🔥

2026-03-11 14:51:25 | INFO | 
============================================================
2026-03-11 14:51:25 | INFO | 🔍 005930.KS 분석 시작
2026-03-11 14:51:25 | INFO | ============================================================
2026-03-11 14:51:25 | INFO | [Layer1] ❌ 005930.KS: Sentiment=-0.64 (미달)
2026-03-11 14:51:25 | INFO | 
============================================================
2026-03-11 14:51:25 | INFO | 🔍 000660.KS 분석 시작
2026-03-11 14:51:25 | INFO | ============================================================
2026-03-11 14:51:25 | INFO | [Layer1] ❌ 000660.KS: Sentiment=0.19 (미달)
2026-03-11 14:51:25 | INFO | 
============================================================
2026-03-11 14:51:25 | INFO | 🔍 NVDA 분석 시작
2026-03-11 14:51:25 | INFO | ============================================================
2026-03-11 14:51:25 | INFO | [Layer1] ✅ NVDA: Sentiment=0.84 (≥0.8)
2026-03-11 14:51:26 | INFO | [Layer2] ❌ NVDA: GoldenCross=False, RSI=46.8, VIX=24.9
2026-03-11 14:51:26 | INFO | 
============================================================
2026-03-11 14:51:26 | INFO | 🔍 TSLA 분석 시작
2026-03-11 14:51:26 | INFO | ============================================================
2026-03-11 14:51:26 | INFO | [Layer1] ❌ TSLA: Sentiment=0.42 (미달)
2026-03-11 14:51:26 | INFO | 
============================================================
2026-03-11 14:51:26 | INFO | 📊 반디_봇 포트폴리오
2026-03-11 14:51:26 | INFO | ============================================================
2026-03-11 14:51:26 | INFO | 💰 현금: 10,000,000원
2026-03-11 14:51:26 | INFO | 📈 보유 종목: 0개
2026-03-11 14:51:26 | INFO | 
💵 총 자산: 10,000,000원
2026-03-11 14:51:26 | INFO | 📊 총 수익률: +0.00%
2026-03-11 14:51:26 | INFO | ============================================================

2026-03-11 14:51:26 | INFO | ⏰ 다음 스캔까지 60초 대기...
2026-03-11 14:52:26 | INFO | 
🔥🔥🔥🔥🔥🔥🔥🔥🔥🔥🔥🔥🔥🔥🔥🔥🔥🔥🔥🔥🔥🔥🔥🔥🔥🔥🔥🔥🔥🔥
2026-03-11 14:52:26 | INFO | 🔥 반디퀼_트레이드봇-beta1 스캔 시작: 4개 종목
2026-03-11 14:52:26 | INFO | 🔥🔥🔥🔥🔥🔥🔥🔥🔥🔥🔥🔥🔥🔥🔥🔥🔥🔥🔥🔥🔥🔥🔥🔥🔥🔥🔥🔥🔥🔥

2026-03-11 14:52:26 | INFO | 
============================================================
2026-03-11 14:52:26 | INFO | 🔍 005930.KS 분석 시작
2026-03-11 14:52:26 | INFO | ============================================================
2026-03-11 14:52:26 | INFO | [Layer1] ❌ 005930.KS: Sentiment=-0.67 (미달)
2026-03-11 14:52:26 | INFO | 
============================================================
2026-03-11 14:52:26 | INFO | 🔍 000660.KS 분석 시작
2026-03-11 14:52:26 | INFO | ============================================================
2026-03-11 14:52:26 | INFO | [Layer1] ❌ 000660.KS: Sentiment=0.51 (미달)
2026-03-11 14:52:26 | INFO | 
============================================================
2026-03-11 14:52:26 | INFO | 🔍 NVDA 분석 시작
2026-03-11 14:52:26 | INFO | ============================================================
2026-03-11 14:52:26 | INFO | [Layer1] ❌ NVDA: Sentiment=-0.86 (미달)
2026-03-11 14:52:26 | INFO | 
============================================================
2026-03-11 14:52:26 | INFO | 🔍 TSLA 분석 시작
2026-03-11 14:52:26 | INFO | ============================================================
2026-03-11 14:52:26 | INFO | [Layer1] ❌ TSLA: Sentiment=0.21 (미달)
2026-03-11 14:52:26 | INFO | 
============================================================
2026-03-11 14:52:26 | INFO | 📊 반디_봇 포트폴리오
2026-03-11 14:52:26 | INFO | ============================================================
2026-03-11 14:52:26 | INFO | 💰 현금: 10,000,000원
2026-03-11 14:52:26 | INFO | 📈 보유 종목: 0개
2026-03-11 14:52:26 | INFO | 
💵 총 자산: 10,000,000원
2026-03-11 14:52:26 | INFO | 📊 총 수익률: +0.00%
2026-03-11 14:52:26 | INFO | ============================================================

2026-03-11 14:52:26 | INFO | ⏰ 다음 스캔까지 60초 대기...
2026-03-11 14:53:26 | INFO | 
🔥🔥🔥🔥🔥🔥🔥🔥🔥🔥🔥🔥🔥🔥🔥🔥🔥🔥🔥🔥🔥🔥🔥🔥🔥🔥🔥🔥🔥🔥
2026-03-11 14:53:26 | INFO | 🔥 반디퀼_트레이드봇-beta1 스캔 시작: 4개 종목
2026-03-11 14:53:26 | INFO | 🔥🔥🔥🔥🔥🔥🔥🔥🔥🔥🔥🔥🔥🔥🔥🔥🔥🔥🔥🔥🔥🔥🔥🔥🔥🔥🔥🔥🔥🔥

2026-03-11 14:53:26 | INFO | 
============================================================
2026-03-11 14:53:26 | INFO | 🔍 005930.KS 분석 시작
2026-03-11 14:53:26 | INFO | ============================================================
2026-03-11 14:53:26 | INFO | [Layer1] ❌ 005930.KS: Sentiment=-0.30 (미달)
2026-03-11 14:53:26 | INFO | 
============================================================
2026-03-11 14:53:26 | INFO | 🔍 000660.KS 분석 시작
2026-03-11 14:53:26 | INFO | ============================================================
2026-03-11 14:53:26 | INFO | [Layer1] ❌ 000660.KS: Sentiment=0.23 (미달)
2026-03-11 14:53:26 | INFO | 
============================================================
2026-03-11 14:53:26 | INFO | 🔍 NVDA 분석 시작
2026-03-11 14:53:26 | INFO | ============================================================
2026-03-11 14:53:26 | INFO | [Layer1] ❌ NVDA: Sentiment=-0.61 (미달)
2026-03-11 14:53:26 | INFO | 
============================================================
2026-03-11 14:53:26 | INFO | 🔍 TSLA 분석 시작
2026-03-11 14:53:26 | INFO | ============================================================
2026-03-11 14:53:26 | INFO | [Layer1] ❌ TSLA: Sentiment=0.23 (미달)
2026-03-11 14:53:26 | INFO | 
============================================================
2026-03-11 14:53:26 | INFO | 📊 반디_봇 포트폴리오
2026-03-11 14:53:26 | INFO | ============================================================
2026-03-11 14:53:26 | INFO | 💰 현금: 10,000,000원
2026-03-11 14:53:26 | INFO | 📈 보유 종목: 0개
2026-03-11 14:53:26 | INFO | 
💵 총 자산: 10,000,000원
2026-03-11 14:53:26 | INFO | 📊 총 수익률: +0.00%
2026-03-11 14:53:26 | INFO | ============================================================

2026-03-11 14:53:26 | INFO | ⏰ 다음 스캔까지 60초 대기...
2026-03-11 14:54:26 | INFO | 
🔥🔥🔥🔥🔥🔥🔥🔥🔥🔥🔥🔥🔥🔥🔥🔥🔥🔥🔥🔥🔥🔥🔥🔥🔥🔥🔥🔥🔥🔥
2026-03-11 14:54:26 | INFO | 🔥 반디퀼_트레이드봇-beta1 스캔 시작: 4개 종목
2026-03-11 14:54:26 | INFO | 🔥🔥🔥🔥🔥🔥🔥🔥🔥🔥🔥🔥🔥🔥🔥🔥🔥🔥🔥🔥🔥🔥🔥🔥🔥🔥🔥🔥🔥🔥

2026-03-11 14:54:26 | INFO | 
============================================================
2026-03-11 14:54:26 | INFO | 🔍 005930.KS 분석 시작
2026-03-11 14:54:26 | INFO | ============================================================
2026-03-11 14:54:26 | INFO | [Layer1] ✅ 005930.KS: Sentiment=0.99 (≥0.8)
2026-03-11 14:54:26 | INFO | [Layer2] ❌ 005930.KS: GoldenCross=False, RSI=54.0, VIX=24.9
2026-03-11 14:54:26 | INFO | 
============================================================
2026-03-11 14:54:26 | INFO | 🔍 000660.KS 분석 시작
2026-03-11 14:54:26 | INFO | ============================================================
2026-03-11 14:54:26 | INFO | [Layer1] ❌ 000660.KS: Sentiment=-0.08 (미달)
2026-03-11 14:54:26 | INFO | 
============================================================
2026-03-11 14:54:26 | INFO | 🔍 NVDA 분석 시작
2026-03-11 14:54:26 | INFO | ============================================================
2026-03-11 14:54:26 | INFO | [Layer1] ❌ NVDA: Sentiment=-0.56 (미달)
2026-03-11 14:54:26 | INFO | 
============================================================
2026-03-11 14:54:26 | INFO | 🔍 TSLA 분석 시작
2026-03-11 14:54:26 | INFO | ============================================================
2026-03-11 14:54:26 | INFO | [Layer1] ❌ TSLA: Sentiment=0.10 (미달)
2026-03-11 14:54:26 | INFO | 
============================================================
2026-03-11 14:54:26 | INFO | 📊 반디_봇 포트폴리오
2026-03-11 14:54:26 | INFO | ============================================================
2026-03-11 14:54:26 | INFO | 💰 현금: 10,000,000원
2026-03-11 14:54:26 | INFO | 📈 보유 종목: 0개
2026-03-11 14:54:26 | INFO | 
💵 총 자산: 10,000,000원
2026-03-11 14:54:26 | INFO | 📊 총 수익률: +0.00%
2026-03-11 14:54:26 | INFO | ============================================================

2026-03-11 14:54:26 | INFO | ⏰ 다음 스캔까지 60초 대기...
2026-03-11 14:55:27 | INFO | 
🔥🔥🔥🔥🔥🔥🔥🔥🔥🔥🔥🔥🔥🔥🔥🔥🔥🔥🔥🔥🔥🔥🔥🔥🔥🔥🔥🔥🔥🔥
2026-03-11 14:55:27 | INFO | 🔥 반디퀼_트레이드봇-beta1 스캔 시작: 4개 종목
2026-03-11 14:55:27 | INFO | 🔥🔥🔥🔥🔥🔥🔥🔥🔥🔥🔥🔥🔥🔥🔥🔥🔥🔥🔥🔥🔥🔥🔥🔥🔥🔥🔥🔥🔥🔥

2026-03-11 14:55:27 | INFO | 
============================================================
2026-03-11 14:55:27 | INFO | 🔍 005930.KS 분석 시작
2026-03-11 14:55:27 | INFO | ============================================================
2026-03-11 14:55:27 | INFO | [Layer1] ❌ 005930.KS: Sentiment=0.68 (미달)
2026-03-11 14:55:27 | INFO | 
============================================================
2026-03-11 14:55:27 | INFO | 🔍 000660.KS 분석 시작
2026-03-11 14:55:27 | INFO | ============================================================
2026-03-11 14:55:27 | INFO | [Layer1] ❌ 000660.KS: Sentiment=0.02 (미달)
2026-03-11 14:55:27 | INFO | 
============================================================
2026-03-11 14:55:27 | INFO | 🔍 NVDA 분석 시작
2026-03-11 14:55:27 | INFO | ============================================================
2026-03-11 14:55:27 | INFO | [Layer1] ❌ NVDA: Sentiment=0.49 (미달)
2026-03-11 14:55:27 | INFO | 
============================================================
2026-03-11 14:55:27 | INFO | 🔍 TSLA 분석 시작
2026-03-11 14:55:27 | INFO | ============================================================
2026-03-11 14:55:27 | INFO | [Layer1] ❌ TSLA: Sentiment=0.59 (미달)
2026-03-11 14:55:27 | INFO | 
============================================================
2026-03-11 14:55:27 | INFO | 📊 반디_봇 포트폴리오
2026-03-11 14:55:27 | INFO | ============================================================
2026-03-11 14:55:27 | INFO | 💰 현금: 10,000,000원
2026-03-11 14:55:27 | INFO | 📈 보유 종목: 0개
2026-03-11 14:55:27 | INFO | 
💵 총 자산: 10,000,000원
2026-03-11 14:55:27 | INFO | 📊 총 수익률: +0.00%
2026-03-11 14:55:27 | INFO | ============================================================

2026-03-11 14:55:27 | INFO | ⏰ 다음 스캔까지 60초 대기...
2026-03-11 14:56:27 | INFO | 
🔥🔥🔥🔥🔥🔥🔥🔥🔥🔥🔥🔥🔥🔥🔥🔥🔥🔥🔥🔥🔥🔥🔥🔥🔥🔥🔥🔥🔥🔥
2026-03-11 14:56:27 | INFO | 🔥 반디퀼_트레이드봇-beta1 스캔 시작: 4개 종목
2026-03-11 14:56:27 | INFO | 🔥🔥🔥🔥🔥🔥🔥🔥🔥🔥🔥🔥🔥🔥🔥🔥🔥🔥🔥🔥🔥🔥🔥🔥🔥🔥🔥🔥🔥🔥

2026-03-11 14:56:27 | INFO | 
============================================================
2026-03-11 14:56:27 | INFO | 🔍 005930.KS 분석 시작
2026-03-11 14:56:27 | INFO | ============================================================
2026-03-11 14:56:27 | INFO | [Layer1] ❌ 005930.KS: Sentiment=0.29 (미달)
2026-03-11 14:56:27 | INFO | 
============================================================
2026-03-11 14:56:27 | INFO | 🔍 000660.KS 분석 시작
2026-03-11 14:56:27 | INFO | ============================================================
2026-03-11 14:56:27 | INFO | [Layer1] ❌ 000660.KS: Sentiment=-0.24 (미달)
2026-03-11 14:56:27 | INFO | 
============================================================
2026-03-11 14:56:27 | INFO | 🔍 NVDA 분석 시작
2026-03-11 14:56:27 | INFO | ============================================================
2026-03-11 14:56:27 | INFO | [Layer1] ❌ NVDA: Sentiment=-0.93 (미달)
2026-03-11 14:56:27 | INFO | 
============================================================
2026-03-11 14:56:27 | INFO | 🔍 TSLA 분석 시작
2026-03-11 14:56:27 | INFO | ============================================================
2026-03-11 14:56:27 | INFO | [Layer1] ❌ TSLA: Sentiment=-0.91 (미달)
2026-03-11 14:56:27 | INFO | 
============================================================
2026-03-11 14:56:27 | INFO | 📊 반디_봇 포트폴리오
2026-03-11 14:56:27 | INFO | ============================================================
2026-03-11 14:56:27 | INFO | 💰 현금: 10,000,000원
2026-03-11 14:56:27 | INFO | 📈 보유 종목: 0개
2026-03-11 14:56:27 | INFO | 
💵 총 자산: 10,000,000원
2026-03-11 14:56:27 | INFO | 📊 총 수익률: +0.00%
2026-03-11 14:56:27 | INFO | ============================================================

2026-03-11 14:56:27 | INFO | ⏰ 다음 스캔까지 60초 대기...
2026-03-11 14:57:27 | INFO | 
🔥🔥🔥🔥🔥🔥🔥🔥🔥🔥🔥🔥🔥🔥🔥🔥🔥🔥🔥🔥🔥🔥🔥🔥🔥🔥🔥🔥🔥🔥
2026-03-11 14:57:27 | INFO | 🔥 반디퀼_트레이드봇-beta1 스캔 시작: 4개 종목
2026-03-11 14:57:27 | INFO | 🔥🔥🔥🔥🔥🔥🔥🔥🔥🔥🔥🔥🔥🔥🔥🔥🔥🔥🔥🔥🔥🔥🔥🔥🔥🔥🔥🔥🔥🔥

2026-03-11 14:57:27 | INFO | 
============================================================
2026-03-11 14:57:27 | INFO | 🔍 005930.KS 분석 시작
2026-03-11 14:57:27 | INFO | ============================================================
2026-03-11 14:57:27 | INFO | [Layer1] ❌ 005930.KS: Sentiment=0.74 (미달)
2026-03-11 14:57:27 | INFO | 
============================================================
2026-03-11 14:57:27 | INFO | 🔍 000660.KS 분석 시작
2026-03-11 14:57:27 | INFO | ============================================================
2026-03-11 14:57:27 | INFO | [Layer1] ❌ 000660.KS: Sentiment=-0.87 (미달)
2026-03-11 14:57:27 | INFO | 
============================================================
2026-03-11 14:57:27 | INFO | 🔍 NVDA 분석 시작
2026-03-11 14:57:27 | INFO | ============================================================
2026-03-11 14:57:27 | INFO | [Layer1] ❌ NVDA: Sentiment=0.42 (미달)
2026-03-11 14:57:27 | INFO | 
============================================================
2026-03-11 14:57:27 | INFO | 🔍 TSLA 분석 시작
2026-03-11 14:57:27 | INFO | ============================================================
2026-03-11 14:57:27 | INFO | [Layer1] ❌ TSLA: Sentiment=-0.90 (미달)
2026-03-11 14:57:27 | INFO | 
============================================================
2026-03-11 14:57:27 | INFO | 📊 반디_봇 포트폴리오
2026-03-11 14:57:27 | INFO | ============================================================
2026-03-11 14:57:27 | INFO | 💰 현금: 10,000,000원
2026-03-11 14:57:27 | INFO | 📈 보유 종목: 0개
2026-03-11 14:57:27 | INFO | 
💵 총 자산: 10,000,000원
2026-03-11 14:57:27 | INFO | 📊 총 수익률: +0.00%
2026-03-11 14:57:27 | INFO | ============================================================

2026-03-11 14:57:27 | INFO | ⏰ 다음 스캔까지 60초 대기...
2026-03-11 14:58:27 | INFO | 
🔥🔥🔥🔥🔥🔥🔥🔥🔥🔥🔥🔥🔥🔥🔥🔥🔥🔥🔥🔥🔥🔥🔥🔥🔥🔥🔥🔥🔥🔥
2026-03-11 14:58:27 | INFO | 🔥 반디퀼_트레이드봇-beta1 스캔 시작: 4개 종목
2026-03-11 14:58:27 | INFO | 🔥🔥🔥🔥🔥🔥🔥🔥🔥🔥🔥🔥🔥🔥🔥🔥🔥🔥🔥🔥🔥🔥🔥🔥🔥🔥🔥🔥🔥🔥

2026-03-11 14:58:27 | INFO | 
============================================================
2026-03-11 14:58:27 | INFO | 🔍 005930.KS 분석 시작
2026-03-11 14:58:27 | INFO | ============================================================
2026-03-11 14:58:27 | INFO | [Layer1] ❌ 005930.KS: Sentiment=-0.30 (미달)
2026-03-11 14:58:27 | INFO | 
============================================================
2026-03-11 14:58:27 | INFO | 🔍 000660.KS 분석 시작
2026-03-11 14:58:27 | INFO | ============================================================
2026-03-11 14:58:27 | INFO | [Layer1] ❌ 000660.KS: Sentiment=0.16 (미달)
2026-03-11 14:58:27 | INFO | 
============================================================
2026-03-11 14:58:27 | INFO | 🔍 NVDA 분석 시작
2026-03-11 14:58:27 | INFO | ============================================================
2026-03-11 14:58:27 | INFO | [Layer1] ❌ NVDA: Sentiment=0.60 (미달)
2026-03-11 14:58:27 | INFO | 
============================================================
2026-03-11 14:58:27 | INFO | 🔍 TSLA 분석 시작
2026-03-11 14:58:27 | INFO | ============================================================
2026-03-11 14:58:27 | INFO | [Layer1] ❌ TSLA: Sentiment=0.11 (미달)
2026-03-11 14:58:27 | INFO | 
============================================================
2026-03-11 14:58:27 | INFO | 📊 반디_봇 포트폴리오
2026-03-11 14:58:27 | INFO | ============================================================
2026-03-11 14:58:27 | INFO | 💰 현금: 10,000,000원
2026-03-11 14:58:27 | INFO | 📈 보유 종목: 0개
2026-03-11 14:58:27 | INFO | 
💵 총 자산: 10,000,000원
2026-03-11 14:58:27 | INFO | 📊 총 수익률: +0.00%
2026-03-11 14:58:27 | INFO | ============================================================

2026-03-11 14:58:27 | INFO | ⏰ 다음 스캔까지 60초 대기...
2026-03-11 14:59:27 | INFO | 
🔥🔥🔥🔥🔥🔥🔥🔥🔥🔥🔥🔥🔥🔥🔥🔥🔥🔥🔥🔥🔥🔥🔥🔥🔥🔥🔥🔥🔥🔥
2026-03-11 14:59:27 | INFO | 🔥 반디퀼_트레이드봇-beta1 스캔 시작: 4개 종목
2026-03-11 14:59:27 | INFO | 🔥🔥🔥🔥🔥🔥🔥🔥🔥🔥🔥🔥🔥🔥🔥🔥🔥🔥🔥🔥🔥🔥🔥🔥🔥🔥🔥🔥🔥🔥

2026-03-11 14:59:27 | INFO | 
============================================================
2026-03-11 14:59:27 | INFO | 🔍 005930.KS 분석 시작
2026-03-11 14:59:27 | INFO | ============================================================
2026-03-11 14:59:27 | INFO | [Layer1] ✅ 005930.KS: Sentiment=0.99 (≥0.8)
2026-03-11 14:59:28 | INFO | [Layer2] ❌ 005930.KS: GoldenCross=False, RSI=53.9, VIX=24.9
2026-03-11 14:59:28 | INFO | 
============================================================
2026-03-11 14:59:28 | INFO | 🔍 000660.KS 분석 시작
2026-03-11 14:59:28 | INFO | ============================================================
2026-03-11 14:59:28 | INFO | [Layer1] ❌ 000660.KS: Sentiment=-0.77 (미달)
2026-03-11 14:59:28 | INFO | 
============================================================
2026-03-11 14:59:28 | INFO | 🔍 NVDA 분석 시작
2026-03-11 14:59:28 | INFO | ============================================================
2026-03-11 14:59:28 | INFO | [Layer1] ❌ NVDA: Sentiment=0.32 (미달)
2026-03-11 14:59:28 | INFO | 
============================================================
2026-03-11 14:59:28 | INFO | 🔍 TSLA 분석 시작
2026-03-11 14:59:28 | INFO | ============================================================
2026-03-11 14:59:28 | INFO | [Layer1] ❌ TSLA: Sentiment=-0.77 (미달)
2026-03-11 14:59:28 | INFO | 
============================================================
2026-03-11 14:59:28 | INFO | 📊 반디_봇 포트폴리오
2026-03-11 14:59:28 | INFO | ============================================================
2026-03-11 14:59:28 | INFO | 💰 현금: 10,000,000원
2026-03-11 14:59:28 | INFO | 📈 보유 종목: 0개
2026-03-11 14:59:28 | INFO | 
💵 총 자산: 10,000,000원
2026-03-11 14:59:28 | INFO | 📊 총 수익률: +0.00%
2026-03-11 14:59:28 | INFO | ============================================================

2026-03-11 14:59:28 | INFO | ⏰ 다음 스캔까지 60초 대기...
2026-03-11 15:00:28 | INFO | 
🔥🔥🔥🔥🔥🔥🔥🔥🔥🔥🔥🔥🔥🔥🔥🔥🔥🔥🔥🔥🔥🔥🔥🔥🔥🔥🔥🔥🔥🔥
2026-03-11 15:00:28 | INFO | 🔥 반디퀼_트레이드봇-beta1 스캔 시작: 4개 종목
2026-03-11 15:00:28 | INFO | 🔥🔥🔥🔥🔥🔥🔥🔥🔥🔥🔥🔥🔥🔥🔥🔥🔥🔥🔥🔥🔥🔥🔥🔥🔥🔥🔥🔥🔥🔥

2026-03-11 15:00:28 | INFO | 
============================================================
2026-03-11 15:00:28 | INFO | 🔍 005930.KS 분석 시작
2026-03-11 15:00:28 | INFO | ============================================================
2026-03-11 15:00:28 | INFO | [Layer1] ❌ 005930.KS: Sentiment=-0.44 (미달)
2026-03-11 15:00:28 | INFO | 
============================================================
2026-03-11 15:00:28 | INFO | 🔍 000660.KS 분석 시작
2026-03-11 15:00:28 | INFO | ============================================================
2026-03-11 15:00:28 | INFO | [Layer1] ❌ 000660.KS: Sentiment=0.16 (미달)
2026-03-11 15:00:28 | INFO | 
============================================================
2026-03-11 15:00:28 | INFO | 🔍 NVDA 분석 시작
2026-03-11 15:00:28 | INFO | ============================================================
2026-03-11 15:00:28 | INFO | [Layer1] ❌ NVDA: Sentiment=0.27 (미달)
2026-03-11 15:00:28 | INFO | 
============================================================
2026-03-11 15:00:28 | INFO | 🔍 TSLA 분석 시작
2026-03-11 15:00:28 | INFO | ============================================================
2026-03-11 15:00:28 | INFO | [Layer1] ❌ TSLA: Sentiment=0.50 (미달)
2026-03-11 15:00:28 | INFO | 
============================================================
2026-03-11 15:00:28 | INFO | 📊 반디_봇 포트폴리오
2026-03-11 15:00:28 | INFO | ============================================================
2026-03-11 15:00:28 | INFO | 💰 현금: 10,000,000원
2026-03-11 15:00:28 | INFO | 📈 보유 종목: 0개
2026-03-11 15:00:28 | INFO | 
💵 총 자산: 10,000,000원
2026-03-11 15:00:28 | INFO | 📊 총 수익률: +0.00%
2026-03-11 15:00:28 | INFO | ============================================================

2026-03-11 15:00:28 | INFO | ⏰ 다음 스캔까지 60초 대기...
2026-03-11 15:01:28 | INFO | 
🔥🔥🔥🔥🔥🔥🔥🔥🔥🔥🔥🔥🔥🔥🔥🔥🔥🔥🔥🔥🔥🔥🔥🔥🔥🔥🔥🔥🔥🔥
2026-03-11 15:01:28 | INFO | 🔥 반디퀼_트레이드봇-beta1 스캔 시작: 4개 종목
2026-03-11 15:01:28 | INFO | 🔥🔥🔥🔥🔥🔥🔥🔥🔥🔥🔥🔥🔥🔥🔥🔥🔥🔥🔥🔥🔥🔥🔥🔥🔥🔥🔥🔥🔥🔥

2026-03-11 15:01:28 | INFO | 
============================================================
2026-03-11 15:01:28 | INFO | 🔍 005930.KS 분석 시작
2026-03-11 15:01:28 | INFO | ============================================================
2026-03-11 15:01:28 | INFO | [Layer1] ❌ 005930.KS: Sentiment=-0.95 (미달)
2026-03-11 15:01:28 | INFO | 
============================================================
2026-03-11 15:01:28 | INFO | 🔍 000660.KS 분석 시작
2026-03-11 15:01:28 | INFO | ============================================================
2026-03-11 15:01:28 | INFO | [Layer1] ✅ 000660.KS: Sentiment=0.84 (≥0.8)
2026-03-11 15:01:28 | INFO | [Layer2] ❌ 000660.KS: GoldenCross=False, RSI=55.3, VIX=24.9
2026-03-11 15:01:28 | INFO | 
============================================================
2026-03-11 15:01:28 | INFO | 🔍 NVDA 분석 시작
2026-03-11 15:01:28 | INFO | ============================================================
2026-03-11 15:01:28 | INFO | [Layer1] ❌ NVDA: Sentiment=-0.50 (미달)
2026-03-11 15:01:28 | INFO | 
============================================================
2026-03-11 15:01:28 | INFO | 🔍 TSLA 분석 시작
2026-03-11 15:01:28 | INFO | ============================================================
2026-03-11 15:01:28 | INFO | [Layer1] ❌ TSLA: Sentiment=-0.32 (미달)
2026-03-11 15:01:28 | INFO | 
============================================================
2026-03-11 15:01:28 | INFO | 📊 반디_봇 포트폴리오
2026-03-11 15:01:28 | INFO | ============================================================
2026-03-11 15:01:28 | INFO | 💰 현금: 10,000,000원
2026-03-11 15:01:28 | INFO | 📈 보유 종목: 0개
2026-03-11 15:01:28 | INFO | 
💵 총 자산: 10,000,000원
2026-03-11 15:01:28 | INFO | 📊 총 수익률: +0.00%
2026-03-11 15:01:28 | INFO | ============================================================

2026-03-11 15:01:28 | INFO | ⏰ 다음 스캔까지 60초 대기...
2026-03-11 15:02:28 | INFO | 
🔥🔥🔥🔥🔥🔥🔥🔥🔥🔥🔥🔥🔥🔥🔥🔥🔥🔥🔥🔥🔥🔥🔥🔥🔥🔥🔥🔥🔥🔥
2026-03-11 15:02:28 | INFO | 🔥 반디퀼_트레이드봇-beta1 스캔 시작: 4개 종목
2026-03-11 15:02:28 | INFO | 🔥🔥🔥🔥🔥🔥🔥🔥🔥🔥🔥🔥🔥🔥🔥🔥🔥🔥🔥🔥🔥🔥🔥🔥🔥🔥🔥🔥🔥🔥

2026-03-11 15:02:28 | INFO | 
============================================================
2026-03-11 15:02:28 | INFO | 🔍 005930.KS 분석 시작
2026-03-11 15:02:28 | INFO | ============================================================
2026-03-11 15:02:28 | INFO | [Layer1] ❌ 005930.KS: Sentiment=-0.40 (미달)
2026-03-11 15:02:28 | INFO | 
============================================================
2026-03-11 15:02:28 | INFO | 🔍 000660.KS 분석 시작
2026-03-11 15:02:28 | INFO | ============================================================
2026-03-11 15:02:28 | INFO | [Layer1] ❌ 000660.KS: Sentiment=0.53 (미달)
2026-03-11 15:02:28 | INFO | 
============================================================
2026-03-11 15:02:28 | INFO | 🔍 NVDA 분석 시작
2026-03-11 15:02:28 | INFO | ============================================================
2026-03-11 15:02:28 | INFO | [Layer1] ❌ NVDA: Sentiment=-0.96 (미달)
2026-03-11 15:02:28 | INFO | 
============================================================
2026-03-11 15:02:28 | INFO | 🔍 TSLA 분석 시작
2026-03-11 15:02:28 | INFO | ============================================================
2026-03-11 15:02:28 | INFO | [Layer1] ❌ TSLA: Sentiment=0.75 (미달)
2026-03-11 15:02:28 | INFO | 
============================================================
2026-03-11 15:02:28 | INFO | 📊 반디_봇 포트폴리오
2026-03-11 15:02:28 | INFO | ============================================================
2026-03-11 15:02:28 | INFO | 💰 현금: 10,000,000원
2026-03-11 15:02:28 | INFO | 📈 보유 종목: 0개
2026-03-11 15:02:28 | INFO | 
💵 총 자산: 10,000,000원
2026-03-11 15:02:28 | INFO | 📊 총 수익률: +0.00%
2026-03-11 15:02:28 | INFO | ============================================================

2026-03-11 15:02:28 | INFO | ⏰ 다음 스캔까지 60초 대기...
2026-03-11 15:03:29 | INFO | 
🔥🔥🔥🔥🔥🔥🔥🔥🔥🔥🔥🔥🔥🔥🔥🔥🔥🔥🔥🔥🔥🔥🔥🔥🔥🔥🔥🔥🔥🔥
2026-03-11 15:03:29 | INFO | 🔥 반디퀼_트레이드봇-beta1 스캔 시작: 4개 종목
2026-03-11 15:03:29 | INFO | 🔥🔥🔥🔥🔥🔥🔥🔥🔥🔥🔥🔥🔥🔥🔥🔥🔥🔥🔥🔥🔥🔥🔥🔥🔥🔥🔥🔥🔥🔥

2026-03-11 15:03:29 | INFO | 
============================================================
2026-03-11 15:03:29 | INFO | 🔍 005930.KS 분석 시작
2026-03-11 15:03:29 | INFO | ============================================================
2026-03-11 15:03:29 | INFO | [Layer1] ❌ 005930.KS: Sentiment=0.32 (미달)
2026-03-11 15:03:29 | INFO | 
============================================================
2026-03-11 15:03:29 | INFO | 🔍 000660.KS 분석 시작
2026-03-11 15:03:29 | INFO | ============================================================
2026-03-11 15:03:29 | INFO | [Layer1] ❌ 000660.KS: Sentiment=-0.85 (미달)
2026-03-11 15:03:29 | INFO | 
============================================================
2026-03-11 15:03:29 | INFO | 🔍 NVDA 분석 시작
2026-03-11 15:03:29 | INFO | ============================================================
2026-03-11 15:03:29 | INFO | [Layer1] ❌ NVDA: Sentiment=-0.56 (미달)
2026-03-11 15:03:29 | INFO | 
============================================================
2026-03-11 15:03:29 | INFO | 🔍 TSLA 분석 시작
2026-03-11 15:03:29 | INFO | ============================================================
2026-03-11 15:03:29 | INFO | [Layer1] ❌ TSLA: Sentiment=-0.95 (미달)
2026-03-11 15:03:29 | INFO | 
============================================================
2026-03-11 15:03:29 | INFO | 📊 반디_봇 포트폴리오
2026-03-11 15:03:29 | INFO | ============================================================
2026-03-11 15:03:29 | INFO | 💰 현금: 10,000,000원
2026-03-11 15:03:29 | INFO | 📈 보유 종목: 0개
2026-03-11 15:03:29 | INFO | 
💵 총 자산: 10,000,000원
2026-03-11 15:03:29 | INFO | 📊 총 수익률: +0.00%
2026-03-11 15:03:29 | INFO | ============================================================

2026-03-11 15:03:29 | INFO | ⏰ 다음 스캔까지 60초 대기...
2026-03-11 15:04:29 | INFO | 
🔥🔥🔥🔥🔥🔥🔥🔥🔥🔥🔥🔥🔥🔥🔥🔥🔥🔥🔥🔥🔥🔥🔥🔥🔥🔥🔥🔥🔥🔥
2026-03-11 15:04:29 | INFO | 🔥 반디퀼_트레이드봇-beta1 스캔 시작: 4개 종목
2026-03-11 15:04:29 | INFO | 🔥🔥🔥🔥🔥🔥🔥🔥🔥🔥🔥🔥🔥🔥🔥🔥🔥🔥🔥🔥🔥🔥🔥🔥🔥🔥🔥🔥🔥🔥

2026-03-11 15:04:29 | INFO | 
============================================================
2026-03-11 15:04:29 | INFO | 🔍 005930.KS 분석 시작
2026-03-11 15:04:29 | INFO | ============================================================
2026-03-11 15:04:29 | INFO | [Layer1] ❌ 005930.KS: Sentiment=0.61 (미달)
2026-03-11 15:04:29 | INFO | 
============================================================
2026-03-11 15:04:29 | INFO | 🔍 000660.KS 분석 시작
2026-03-11 15:04:29 | INFO | ============================================================
2026-03-11 15:04:29 | INFO | [Layer1] ❌ 000660.KS: Sentiment=-0.85 (미달)
2026-03-11 15:04:29 | INFO | 
============================================================
2026-03-11 15:04:29 | INFO | 🔍 NVDA 분석 시작
2026-03-11 15:04:29 | INFO | ============================================================
2026-03-11 15:04:29 | INFO | [Layer1] ❌ NVDA: Sentiment=-0.87 (미달)
2026-03-11 15:04:29 | INFO | 
============================================================
2026-03-11 15:04:29 | INFO | 🔍 TSLA 분석 시작
2026-03-11 15:04:29 | INFO | ============================================================
2026-03-11 15:04:29 | INFO | [Layer1] ❌ TSLA: Sentiment=-0.91 (미달)
2026-03-11 15:04:29 | INFO | 
============================================================
2026-03-11 15:04:29 | INFO | 📊 반디_봇 포트폴리오
2026-03-11 15:04:29 | INFO | ============================================================
2026-03-11 15:04:29 | INFO | 💰 현금: 10,000,000원
2026-03-11 15:04:29 | INFO | 📈 보유 종목: 0개
2026-03-11 15:04:29 | INFO | 
💵 총 자산: 10,000,000원
2026-03-11 15:04:29 | INFO | 📊 총 수익률: +0.00%
2026-03-11 15:04:29 | INFO | ============================================================

2026-03-11 15:04:29 | INFO | ⏰ 다음 스캔까지 60초 대기...
2026-03-11 15:05:29 | INFO | 
🔥🔥🔥🔥🔥🔥🔥🔥🔥🔥🔥🔥🔥🔥🔥🔥🔥🔥🔥🔥🔥🔥🔥🔥🔥🔥🔥🔥🔥🔥
2026-03-11 15:05:29 | INFO | 🔥 반디퀼_트레이드봇-beta1 스캔 시작: 4개 종목
2026-03-11 15:05:29 | INFO | 🔥🔥🔥🔥🔥🔥🔥🔥🔥🔥🔥🔥🔥🔥🔥🔥🔥🔥🔥🔥🔥🔥🔥🔥🔥🔥🔥🔥🔥🔥

2026-03-11 15:05:29 | INFO | 
============================================================
2026-03-11 15:05:29 | INFO | 🔍 005930.KS 분석 시작
2026-03-11 15:05:29 | INFO | ============================================================
2026-03-11 15:05:29 | INFO | [Layer1] ❌ 005930.KS: Sentiment=-0.00 (미달)
2026-03-11 15:05:29 | INFO | 
============================================================
2026-03-11 15:05:29 | INFO | 🔍 000660.KS 분석 시작
2026-03-11 15:05:29 | INFO | ============================================================
2026-03-11 15:05:29 | INFO | [Layer1] ❌ 000660.KS: Sentiment=-0.94 (미달)
2026-03-11 15:05:29 | INFO | 
============================================================
2026-03-11 15:05:29 | INFO | 🔍 NVDA 분석 시작
2026-03-11 15:05:29 | INFO | ============================================================
2026-03-11 15:05:29 | INFO | [Layer1] ❌ NVDA: Sentiment=-0.94 (미달)
2026-03-11 15:05:29 | INFO | 
============================================================
2026-03-11 15:05:29 | INFO | 🔍 TSLA 분석 시작
2026-03-11 15:05:29 | INFO | ============================================================
2026-03-11 15:05:29 | INFO | [Layer1] ❌ TSLA: Sentiment=0.43 (미달)
2026-03-11 15:05:29 | INFO | 
============================================================
2026-03-11 15:05:29 | INFO | 📊 반디_봇 포트폴리오
2026-03-11 15:05:29 | INFO | ============================================================
2026-03-11 15:05:29 | INFO | 💰 현금: 10,000,000원
2026-03-11 15:05:29 | INFO | 📈 보유 종목: 0개
2026-03-11 15:05:29 | INFO | 
💵 총 자산: 10,000,000원
2026-03-11 15:05:29 | INFO | 📊 총 수익률: +0.00%
2026-03-11 15:05:29 | INFO | ============================================================

2026-03-11 15:05:29 | INFO | ⏰ 다음 스캔까지 60초 대기...
2026-03-11 15:06:29 | INFO | 
🔥🔥🔥🔥🔥🔥🔥🔥🔥🔥🔥🔥🔥🔥🔥🔥🔥🔥🔥🔥🔥🔥🔥🔥🔥🔥🔥🔥🔥🔥
2026-03-11 15:06:29 | INFO | 🔥 반디퀼_트레이드봇-beta1 스캔 시작: 4개 종목
2026-03-11 15:06:29 | INFO | 🔥🔥🔥🔥🔥🔥🔥🔥🔥🔥🔥🔥🔥🔥🔥🔥🔥🔥🔥🔥🔥🔥🔥🔥🔥🔥🔥🔥🔥🔥

2026-03-11 15:06:29 | INFO | 
============================================================
2026-03-11 15:06:29 | INFO | 🔍 005930.KS 분석 시작
2026-03-11 15:06:29 | INFO | ============================================================
2026-03-11 15:06:29 | INFO | [Layer1] ❌ 005930.KS: Sentiment=-0.94 (미달)
2026-03-11 15:06:29 | INFO | 
============================================================
2026-03-11 15:06:29 | INFO | 🔍 000660.KS 분석 시작
2026-03-11 15:06:29 | INFO | ============================================================
2026-03-11 15:06:29 | INFO | [Layer1] ❌ 000660.KS: Sentiment=0.31 (미달)
2026-03-11 15:06:29 | INFO | 
============================================================
2026-03-11 15:06:29 | INFO | 🔍 NVDA 분석 시작
2026-03-11 15:06:29 | INFO | ============================================================
2026-03-11 15:06:29 | INFO | [Layer1] ❌ NVDA: Sentiment=-0.60 (미달)
2026-03-11 15:06:29 | INFO | 
============================================================
2026-03-11 15:06:29 | INFO | 🔍 TSLA 분석 시작
2026-03-11 15:06:29 | INFO | ============================================================
2026-03-11 15:06:29 | INFO | [Layer1] ❌ TSLA: Sentiment=-0.35 (미달)
2026-03-11 15:06:29 | INFO | 
============================================================
2026-03-11 15:06:29 | INFO | 📊 반디_봇 포트폴리오
2026-03-11 15:06:29 | INFO | ============================================================
2026-03-11 15:06:29 | INFO | 💰 현금: 10,000,000원
2026-03-11 15:06:29 | INFO | 📈 보유 종목: 0개
2026-03-11 15:06:29 | INFO | 
💵 총 자산: 10,000,000원
2026-03-11 15:06:29 | INFO | 📊 총 수익률: +0.00%
2026-03-11 15:06:29 | INFO | ============================================================

2026-03-11 15:06:29 | INFO | ⏰ 다음 스캔까지 60초 대기...
2026-03-11 15:07:29 | INFO | 
🔥🔥🔥🔥🔥🔥🔥🔥🔥🔥🔥🔥🔥🔥🔥🔥🔥🔥🔥🔥🔥🔥🔥🔥🔥🔥🔥🔥🔥🔥
2026-03-11 15:07:29 | INFO | 🔥 반디퀼_트레이드봇-beta1 스캔 시작: 4개 종목
2026-03-11 15:07:29 | INFO | 🔥🔥🔥🔥🔥🔥🔥🔥🔥🔥🔥🔥🔥🔥🔥🔥🔥🔥🔥🔥🔥🔥🔥🔥🔥🔥🔥🔥🔥🔥

2026-03-11 15:07:29 | INFO | 
============================================================
2026-03-11 15:07:29 | INFO | 🔍 005930.KS 분석 시작
2026-03-11 15:07:29 | INFO | ============================================================
2026-03-11 15:07:29 | INFO | [Layer1] ❌ 005930.KS: Sentiment=-0.84 (미달)
2026-03-11 15:07:29 | INFO | 
============================================================
2026-03-11 15:07:29 | INFO | 🔍 000660.KS 분석 시작
2026-03-11 15:07:29 | INFO | ============================================================
2026-03-11 15:07:29 | INFO | [Layer1] ❌ 000660.KS: Sentiment=-0.67 (미달)
2026-03-11 15:07:29 | INFO | 
============================================================
2026-03-11 15:07:29 | INFO | 🔍 NVDA 분석 시작
2026-03-11 15:07:29 | INFO | ============================================================
2026-03-11 15:07:29 | INFO | [Layer1] ❌ NVDA: Sentiment=-0.11 (미달)
2026-03-11 15:07:29 | INFO | 
============================================================
2026-03-11 15:07:29 | INFO | 🔍 TSLA 분석 시작
2026-03-11 15:07:29 | INFO | ============================================================
2026-03-11 15:07:29 | INFO | [Layer1] ❌ TSLA: Sentiment=-0.15 (미달)
2026-03-11 15:07:29 | INFO | 
============================================================
2026-03-11 15:07:29 | INFO | 📊 반디_봇 포트폴리오
2026-03-11 15:07:29 | INFO | ============================================================
2026-03-11 15:07:29 | INFO | 💰 현금: 10,000,000원
2026-03-11 15:07:29 | INFO | 📈 보유 종목: 0개
2026-03-11 15:07:29 | INFO | 
💵 총 자산: 10,000,000원
2026-03-11 15:07:29 | INFO | 📊 총 수익률: +0.00%
2026-03-11 15:07:29 | INFO | ============================================================

2026-03-11 15:07:29 | INFO | ⏰ 다음 스캔까지 60초 대기...
2026-03-11 15:08:29 | INFO | 
🔥🔥🔥🔥🔥🔥🔥🔥🔥🔥🔥🔥🔥🔥🔥🔥🔥🔥🔥🔥🔥🔥🔥🔥🔥🔥🔥🔥🔥🔥
2026-03-11 15:08:29 | INFO | 🔥 반디퀼_트레이드봇-beta1 스캔 시작: 4개 종목
2026-03-11 15:08:29 | INFO | 🔥🔥🔥🔥🔥🔥🔥🔥🔥🔥🔥🔥🔥🔥🔥🔥🔥🔥🔥🔥🔥🔥🔥🔥🔥🔥🔥🔥🔥🔥

2026-03-11 15:08:29 | INFO | 
============================================================
2026-03-11 15:08:29 | INFO | 🔍 005930.KS 분석 시작
2026-03-11 15:08:29 | INFO | ============================================================
2026-03-11 15:08:29 | INFO | [Layer1] ❌ 005930.KS: Sentiment=0.73 (미달)
2026-03-11 15:08:29 | INFO | 
============================================================
2026-03-11 15:08:29 | INFO | 🔍 000660.KS 분석 시작
2026-03-11 15:08:29 | INFO | ============================================================
2026-03-11 15:08:29 | INFO | [Layer1] ❌ 000660.KS: Sentiment=0.64 (미달)
2026-03-11 15:08:29 | INFO | 
============================================================
2026-03-11 15:08:29 | INFO | 🔍 NVDA 분석 시작
2026-03-11 15:08:29 | INFO | ============================================================
2026-03-11 15:08:29 | INFO | [Layer1] ❌ NVDA: Sentiment=-0.02 (미달)
2026-03-11 15:08:29 | INFO | 
============================================================
2026-03-11 15:08:29 | INFO | 🔍 TSLA 분석 시작
2026-03-11 15:08:29 | INFO | ============================================================
2026-03-11 15:08:29 | INFO | [Layer1] ❌ TSLA: Sentiment=-0.42 (미달)
2026-03-11 15:08:29 | INFO | 
============================================================
2026-03-11 15:08:29 | INFO | 📊 반디_봇 포트폴리오
2026-03-11 15:08:29 | INFO | ============================================================
2026-03-11 15:08:29 | INFO | 💰 현금: 10,000,000원
2026-03-11 15:08:29 | INFO | 📈 보유 종목: 0개
2026-03-11 15:08:29 | INFO | 
💵 총 자산: 10,000,000원
2026-03-11 15:08:29 | INFO | 📊 총 수익률: +0.00%
2026-03-11 15:08:29 | INFO | ============================================================

2026-03-11 15:08:29 | INFO | ⏰ 다음 스캔까지 60초 대기...
2026-03-11 15:09:29 | INFO | 
🔥🔥🔥🔥🔥🔥🔥🔥🔥🔥🔥🔥🔥🔥🔥🔥🔥🔥🔥🔥🔥🔥🔥🔥🔥🔥🔥🔥🔥🔥
2026-03-11 15:09:29 | INFO | 🔥 반디퀼_트레이드봇-beta1 스캔 시작: 4개 종목
2026-03-11 15:09:29 | INFO | 🔥🔥🔥🔥🔥🔥🔥🔥🔥🔥🔥🔥🔥🔥🔥🔥🔥🔥🔥🔥🔥🔥🔥🔥🔥🔥🔥🔥🔥🔥

2026-03-11 15:09:29 | INFO | 
============================================================
2026-03-11 15:09:29 | INFO | 🔍 005930.KS 분석 시작
2026-03-11 15:09:29 | INFO | ============================================================
2026-03-11 15:09:29 | INFO | [Layer1] ❌ 005930.KS: Sentiment=0.29 (미달)
2026-03-11 15:09:29 | INFO | 
============================================================
2026-03-11 15:09:29 | INFO | 🔍 000660.KS 분석 시작
2026-03-11 15:09:29 | INFO | ============================================================
2026-03-11 15:09:29 | INFO | [Layer1] ❌ 000660.KS: Sentiment=-0.45 (미달)
2026-03-11 15:09:29 | INFO | 
============================================================
2026-03-11 15:09:29 | INFO | 🔍 NVDA 분석 시작
2026-03-11 15:09:29 | INFO | ============================================================
2026-03-11 15:09:29 | INFO | [Layer1] ❌ NVDA: Sentiment=-0.43 (미달)
2026-03-11 15:09:29 | INFO | 
============================================================
2026-03-11 15:09:29 | INFO | 🔍 TSLA 분석 시작
2026-03-11 15:09:29 | INFO | ============================================================
2026-03-11 15:09:29 | INFO | [Layer1] ❌ TSLA: Sentiment=-0.93 (미달)
2026-03-11 15:09:29 | INFO | 
============================================================
2026-03-11 15:09:29 | INFO | 📊 반디_봇 포트폴리오
2026-03-11 15:09:29 | INFO | ============================================================
2026-03-11 15:09:29 | INFO | 💰 현금: 10,000,000원
2026-03-11 15:09:29 | INFO | 📈 보유 종목: 0개
2026-03-11 15:09:29 | INFO | 
💵 총 자산: 10,000,000원
2026-03-11 15:09:29 | INFO | 📊 총 수익률: +0.00%
2026-03-11 15:09:29 | INFO | ============================================================

2026-03-11 15:09:29 | INFO | ⏰ 다음 스캔까지 60초 대기...
2026-03-11 15:10:29 | INFO | 
🔥🔥🔥🔥🔥🔥🔥🔥🔥🔥🔥🔥🔥🔥🔥🔥🔥🔥🔥🔥🔥🔥🔥🔥🔥🔥🔥🔥🔥🔥
2026-03-11 15:10:29 | INFO | 🔥 반디퀼_트레이드봇-beta1 스캔 시작: 4개 종목
2026-03-11 15:10:29 | INFO | 🔥🔥🔥🔥🔥🔥🔥🔥🔥🔥🔥🔥🔥🔥🔥🔥🔥🔥🔥🔥🔥🔥🔥🔥🔥🔥🔥🔥🔥🔥

2026-03-11 15:10:29 | INFO | 
============================================================
2026-03-11 15:10:29 | INFO | 🔍 005930.KS 분석 시작
2026-03-11 15:10:29 | INFO | ============================================================
2026-03-11 15:10:29 | INFO | [Layer1] ❌ 005930.KS: Sentiment=-0.86 (미달)
2026-03-11 15:10:29 | INFO | 
============================================================
2026-03-11 15:10:29 | INFO | 🔍 000660.KS 분석 시작
2026-03-11 15:10:29 | INFO | ============================================================
2026-03-11 15:10:29 | INFO | [Layer1] ❌ 000660.KS: Sentiment=-0.22 (미달)
2026-03-11 15:10:29 | INFO | 
============================================================
2026-03-11 15:10:29 | INFO | 🔍 NVDA 분석 시작
2026-03-11 15:10:29 | INFO | ============================================================
2026-03-11 15:10:29 | INFO | [Layer1] ✅ NVDA: Sentiment=0.93 (≥0.8)
2026-03-11 15:10:30 | INFO | [Layer2] ❌ NVDA: GoldenCross=False, RSI=46.8, VIX=24.9
2026-03-11 15:10:30 | INFO | 
============================================================
2026-03-11 15:10:30 | INFO | 🔍 TSLA 분석 시작
2026-03-11 15:10:30 | INFO | ============================================================
2026-03-11 15:10:30 | INFO | [Layer1] ❌ TSLA: Sentiment=0.46 (미달)
2026-03-11 15:10:30 | INFO | 
============================================================
2026-03-11 15:10:30 | INFO | 📊 반디_봇 포트폴리오
2026-03-11 15:10:30 | INFO | ============================================================
2026-03-11 15:10:30 | INFO | 💰 현금: 10,000,000원
2026-03-11 15:10:30 | INFO | 📈 보유 종목: 0개
2026-03-11 15:10:30 | INFO | 
💵 총 자산: 10,000,000원
2026-03-11 15:10:30 | INFO | 📊 총 수익률: +0.00%
2026-03-11 15:10:30 | INFO | ============================================================

2026-03-11 15:10:30 | INFO | ⏰ 다음 스캔까지 60초 대기...
2026-03-11 15:11:30 | INFO | 
🔥🔥🔥🔥🔥🔥🔥🔥🔥🔥🔥🔥🔥🔥🔥🔥🔥🔥🔥🔥🔥🔥🔥🔥🔥🔥🔥🔥🔥🔥
2026-03-11 15:11:30 | INFO | 🔥 반디퀼_트레이드봇-beta1 스캔 시작: 4개 종목
2026-03-11 15:11:30 | INFO | 🔥🔥🔥🔥🔥🔥🔥🔥🔥🔥🔥🔥🔥🔥🔥🔥🔥🔥🔥🔥🔥🔥🔥🔥🔥🔥🔥🔥🔥🔥

2026-03-11 15:11:30 | INFO | 
============================================================
2026-03-11 15:11:30 | INFO | 🔍 005930.KS 분석 시작
2026-03-11 15:11:30 | INFO | ============================================================
2026-03-11 15:11:30 | INFO | [Layer1] ❌ 005930.KS: Sentiment=0.54 (미달)
2026-03-11 15:11:30 | INFO | 
============================================================
2026-03-11 15:11:30 | INFO | 🔍 000660.KS 분석 시작
2026-03-11 15:11:30 | INFO | ============================================================
2026-03-11 15:11:30 | INFO | [Layer1] ✅ 000660.KS: Sentiment=0.88 (≥0.8)
2026-03-11 15:11:30 | INFO | [Layer2] ❌ 000660.KS: GoldenCross=False, RSI=55.3, VIX=24.9
2026-03-11 15:11:30 | INFO | 
============================================================
2026-03-11 15:11:30 | INFO | 🔍 NVDA 분석 시작
2026-03-11 15:11:30 | INFO | ============================================================
2026-03-11 15:11:30 | INFO | [Layer1] ❌ NVDA: Sentiment=-0.53 (미달)
2026-03-11 15:11:30 | INFO | 
============================================================
2026-03-11 15:11:30 | INFO | 🔍 TSLA 분석 시작
2026-03-11 15:11:30 | INFO | ============================================================
2026-03-11 15:11:30 | INFO | [Layer1] ❌ TSLA: Sentiment=-0.33 (미달)
2026-03-11 15:11:30 | INFO | 
============================================================
2026-03-11 15:11:30 | INFO | 📊 반디_봇 포트폴리오
2026-03-11 15:11:30 | INFO | ============================================================
2026-03-11 15:11:30 | INFO | 💰 현금: 10,000,000원
2026-03-11 15:11:30 | INFO | 📈 보유 종목: 0개
2026-03-11 15:11:30 | INFO | 
💵 총 자산: 10,000,000원
2026-03-11 15:11:30 | INFO | 📊 총 수익률: +0.00%
2026-03-11 15:11:30 | INFO | ============================================================

2026-03-11 15:11:30 | INFO | ⏰ 다음 스캔까지 60초 대기...
2026-03-11 15:12:31 | INFO | 
🔥🔥🔥🔥🔥🔥🔥🔥🔥🔥🔥🔥🔥🔥🔥🔥🔥🔥🔥🔥🔥🔥🔥🔥🔥🔥🔥🔥🔥🔥
2026-03-11 15:12:31 | INFO | 🔥 반디퀼_트레이드봇-beta1 스캔 시작: 4개 종목
2026-03-11 15:12:31 | INFO | 🔥🔥🔥🔥🔥🔥🔥🔥🔥🔥🔥🔥🔥🔥🔥🔥🔥🔥🔥🔥🔥🔥🔥🔥🔥🔥🔥🔥🔥🔥

2026-03-11 15:12:31 | INFO | 
============================================================
2026-03-11 15:12:31 | INFO | 🔍 005930.KS 분석 시작
2026-03-11 15:12:31 | INFO | ============================================================
2026-03-11 15:12:31 | INFO | [Layer1] ❌ 005930.KS: Sentiment=0.56 (미달)
2026-03-11 15:12:31 | INFO | 
============================================================
2026-03-11 15:12:31 | INFO | 🔍 000660.KS 분석 시작
2026-03-11 15:12:31 | INFO | ============================================================
2026-03-11 15:12:31 | INFO | [Layer1] ❌ 000660.KS: Sentiment=0.41 (미달)
2026-03-11 15:12:31 | INFO | 
============================================================
2026-03-11 15:12:31 | INFO | 🔍 NVDA 분석 시작
2026-03-11 15:12:31 | INFO | ============================================================
2026-03-11 15:12:31 | INFO | [Layer1] ❌ NVDA: Sentiment=-0.43 (미달)
2026-03-11 15:12:31 | INFO | 
============================================================
2026-03-11 15:12:31 | INFO | 🔍 TSLA 분석 시작
2026-03-11 15:12:31 | INFO | ============================================================
2026-03-11 15:12:31 | INFO | [Layer1] ❌ TSLA: Sentiment=-0.53 (미달)
2026-03-11 15:12:31 | INFO | 
============================================================
2026-03-11 15:12:31 | INFO | 📊 반디_봇 포트폴리오
2026-03-11 15:12:31 | INFO | ============================================================
2026-03-11 15:12:31 | INFO | 💰 현금: 10,000,000원
2026-03-11 15:12:31 | INFO | 📈 보유 종목: 0개
2026-03-11 15:12:31 | INFO | 
💵 총 자산: 10,000,000원
2026-03-11 15:12:31 | INFO | 📊 총 수익률: +0.00%
2026-03-11 15:12:31 | INFO | ============================================================

2026-03-11 15:12:31 | INFO | ⏰ 다음 스캔까지 60초 대기...
2026-03-11 15:13:31 | INFO | 
🔥🔥🔥🔥🔥🔥🔥🔥🔥🔥🔥🔥🔥🔥🔥🔥🔥🔥🔥🔥🔥🔥🔥🔥🔥🔥🔥🔥🔥🔥
2026-03-11 15:13:31 | INFO | 🔥 반디퀼_트레이드봇-beta1 스캔 시작: 4개 종목
2026-03-11 15:13:31 | INFO | 🔥🔥🔥🔥🔥🔥🔥🔥🔥🔥🔥🔥🔥🔥🔥🔥🔥🔥🔥🔥🔥🔥🔥🔥🔥🔥🔥🔥🔥🔥

2026-03-11 15:13:31 | INFO | 
============================================================
2026-03-11 15:13:31 | INFO | 🔍 005930.KS 분석 시작
2026-03-11 15:13:31 | INFO | ============================================================
2026-03-11 15:13:31 | INFO | [Layer1] ❌ 005930.KS: Sentiment=-0.63 (미달)
2026-03-11 15:13:31 | INFO | 
============================================================
2026-03-11 15:13:31 | INFO | 🔍 000660.KS 분석 시작
2026-03-11 15:13:31 | INFO | ============================================================
2026-03-11 15:13:31 | INFO | [Layer1] ❌ 000660.KS: Sentiment=-0.49 (미달)
2026-03-11 15:13:31 | INFO | 
============================================================
2026-03-11 15:13:31 | INFO | 🔍 NVDA 분석 시작
2026-03-11 15:13:31 | INFO | ============================================================
2026-03-11 15:13:31 | INFO | [Layer1] ✅ NVDA: Sentiment=0.83 (≥0.8)
2026-03-11 15:13:31 | INFO | [Layer2] ❌ NVDA: GoldenCross=False, RSI=46.8, VIX=24.9
2026-03-11 15:13:31 | INFO | 
============================================================
2026-03-11 15:13:31 | INFO | 🔍 TSLA 분석 시작
2026-03-11 15:13:31 | INFO | ============================================================
2026-03-11 15:13:31 | INFO | [Layer1] ❌ TSLA: Sentiment=0.14 (미달)
2026-03-11 15:13:31 | INFO | 
============================================================
2026-03-11 15:13:31 | INFO | 📊 반디_봇 포트폴리오
2026-03-11 15:13:31 | INFO | ============================================================
2026-03-11 15:13:31 | INFO | 💰 현금: 10,000,000원
2026-03-11 15:13:31 | INFO | 📈 보유 종목: 0개
2026-03-11 15:13:31 | INFO | 
💵 총 자산: 10,000,000원
2026-03-11 15:13:31 | INFO | 📊 총 수익률: +0.00%
2026-03-11 15:13:31 | INFO | ============================================================

2026-03-11 15:13:31 | INFO | ⏰ 다음 스캔까지 60초 대기...
2026-03-11 15:14:31 | INFO | 
🔥🔥🔥🔥🔥🔥🔥🔥🔥🔥🔥🔥🔥🔥🔥🔥🔥🔥🔥🔥🔥🔥🔥🔥🔥🔥🔥🔥🔥🔥
2026-03-11 15:14:31 | INFO | 🔥 반디퀼_트레이드봇-beta1 스캔 시작: 4개 종목
2026-03-11 15:14:31 | INFO | 🔥🔥🔥🔥🔥🔥🔥🔥🔥🔥🔥🔥🔥🔥🔥🔥🔥🔥🔥🔥🔥🔥🔥🔥🔥🔥🔥🔥🔥🔥

2026-03-11 15:14:31 | INFO | 
============================================================
2026-03-11 15:14:31 | INFO | 🔍 005930.KS 분석 시작
2026-03-11 15:14:31 | INFO | ============================================================
2026-03-11 15:14:31 | INFO | [Layer1] ❌ 005930.KS: Sentiment=0.11 (미달)
2026-03-11 15:14:31 | INFO | 
============================================================
2026-03-11 15:14:31 | INFO | 🔍 000660.KS 분석 시작
2026-03-11 15:14:31 | INFO | ============================================================
2026-03-11 15:14:31 | INFO | [Layer1] ❌ 000660.KS: Sentiment=-0.41 (미달)
2026-03-11 15:14:31 | INFO | 
============================================================
2026-03-11 15:14:31 | INFO | 🔍 NVDA 분석 시작
2026-03-11 15:14:31 | INFO | ============================================================
2026-03-11 15:14:31 | INFO | [Layer1] ✅ NVDA: Sentiment=0.89 (≥0.8)
2026-03-11 15:14:32 | INFO | [Layer2] ❌ NVDA: GoldenCross=False, RSI=46.8, VIX=24.9
2026-03-11 15:14:32 | INFO | 
============================================================
2026-03-11 15:14:32 | INFO | 🔍 TSLA 분석 시작
2026-03-11 15:14:32 | INFO | ============================================================
2026-03-11 15:14:32 | INFO | [Layer1] ❌ TSLA: Sentiment=0.18 (미달)
2026-03-11 15:14:32 | INFO | 
============================================================
2026-03-11 15:14:32 | INFO | 📊 반디_봇 포트폴리오
2026-03-11 15:14:32 | INFO | ============================================================
2026-03-11 15:14:32 | INFO | 💰 현금: 10,000,000원
2026-03-11 15:14:32 | INFO | 📈 보유 종목: 0개
2026-03-11 15:14:32 | INFO | 
💵 총 자산: 10,000,000원
2026-03-11 15:14:32 | INFO | 📊 총 수익률: +0.00%
2026-03-11 15:14:32 | INFO | ============================================================

2026-03-11 15:14:32 | INFO | ⏰ 다음 스캔까지 60초 대기...
2026-03-11 15:15:32 | INFO | 
🔥🔥🔥🔥🔥🔥🔥🔥🔥🔥🔥🔥🔥🔥🔥🔥🔥🔥🔥🔥🔥🔥🔥🔥🔥🔥🔥🔥🔥🔥
2026-03-11 15:15:32 | INFO | 🔥 반디퀼_트레이드봇-beta1 스캔 시작: 4개 종목
2026-03-11 15:15:32 | INFO | 🔥🔥🔥🔥🔥🔥🔥🔥🔥🔥🔥🔥🔥🔥🔥🔥🔥🔥🔥🔥🔥🔥🔥🔥🔥🔥🔥🔥🔥🔥

2026-03-11 15:15:32 | INFO | 
============================================================
2026-03-11 15:15:32 | INFO | 🔍 005930.KS 분석 시작
2026-03-11 15:15:32 | INFO | ============================================================
2026-03-11 15:15:32 | INFO | [Layer1] ❌ 005930.KS: Sentiment=0.23 (미달)
2026-03-11 15:15:32 | INFO | 
============================================================
2026-03-11 15:15:32 | INFO | 🔍 000660.KS 분석 시작
2026-03-11 15:15:32 | INFO | ============================================================
2026-03-11 15:15:32 | INFO | [Layer1] ❌ 000660.KS: Sentiment=-0.14 (미달)
2026-03-11 15:15:32 | INFO | 
============================================================
2026-03-11 15:15:32 | INFO | 🔍 NVDA 분석 시작
2026-03-11 15:15:32 | INFO | ============================================================
2026-03-11 15:15:32 | INFO | [Layer1] ❌ NVDA: Sentiment=-0.65 (미달)
2026-03-11 15:15:32 | INFO | 
============================================================
2026-03-11 15:15:32 | INFO | 🔍 TSLA 분석 시작
2026-03-11 15:15:32 | INFO | ============================================================
2026-03-11 15:15:32 | INFO | [Layer1] ❌ TSLA: Sentiment=0.57 (미달)
2026-03-11 15:15:32 | INFO | 
============================================================
2026-03-11 15:15:32 | INFO | 📊 반디_봇 포트폴리오
2026-03-11 15:15:32 | INFO | ============================================================
2026-03-11 15:15:32 | INFO | 💰 현금: 10,000,000원
2026-03-11 15:15:32 | INFO | 📈 보유 종목: 0개
2026-03-11 15:15:32 | INFO | 
💵 총 자산: 10,000,000원
2026-03-11 15:15:32 | INFO | 📊 총 수익률: +0.00%
2026-03-11 15:15:32 | INFO | ============================================================

2026-03-11 15:15:32 | INFO | ⏰ 다음 스캔까지 60초 대기...
2026-03-11 15:16:32 | INFO | 
🔥🔥🔥🔥🔥🔥🔥🔥🔥🔥🔥🔥🔥🔥🔥🔥🔥🔥🔥🔥🔥🔥🔥🔥🔥🔥🔥🔥🔥🔥
2026-03-11 15:16:32 | INFO | 🔥 반디퀼_트레이드봇-beta1 스캔 시작: 4개 종목
2026-03-11 15:16:32 | INFO | 🔥🔥🔥🔥🔥🔥🔥🔥🔥🔥🔥🔥🔥🔥🔥🔥🔥🔥🔥🔥🔥🔥🔥🔥🔥🔥🔥🔥🔥🔥

2026-03-11 15:16:32 | INFO | 
============================================================
2026-03-11 15:16:32 | INFO | 🔍 005930.KS 분석 시작
2026-03-11 15:16:32 | INFO | ============================================================
2026-03-11 15:16:32 | INFO | [Layer1] ❌ 005930.KS: Sentiment=0.22 (미달)
2026-03-11 15:16:32 | INFO | 
============================================================
2026-03-11 15:16:32 | INFO | 🔍 000660.KS 분석 시작
2026-03-11 15:16:32 | INFO | ============================================================
2026-03-11 15:16:32 | INFO | [Layer1] ❌ 000660.KS: Sentiment=-0.96 (미달)
2026-03-11 15:16:32 | INFO | 
============================================================
2026-03-11 15:16:32 | INFO | 🔍 NVDA 분석 시작
2026-03-11 15:16:32 | INFO | ============================================================
2026-03-11 15:16:32 | INFO | [Layer1] ❌ NVDA: Sentiment=0.19 (미달)
2026-03-11 15:16:32 | INFO | 
============================================================
2026-03-11 15:16:32 | INFO | 🔍 TSLA 분석 시작
2026-03-11 15:16:32 | INFO | ============================================================
2026-03-11 15:16:32 | INFO | [Layer1] ✅ TSLA: Sentiment=0.88 (≥0.8)
2026-03-11 15:16:32 | INFO | [Layer2] ❌ TSLA: GoldenCross=False, RSI=42.6, VIX=24.9
2026-03-11 15:16:32 | INFO | 
============================================================
2026-03-11 15:16:32 | INFO | 📊 반디_봇 포트폴리오
2026-03-11 15:16:32 | INFO | ============================================================
2026-03-11 15:16:32 | INFO | 💰 현금: 10,000,000원
2026-03-11 15:16:32 | INFO | 📈 보유 종목: 0개
2026-03-11 15:16:32 | INFO | 
💵 총 자산: 10,000,000원
2026-03-11 15:16:32 | INFO | 📊 총 수익률: +0.00%
2026-03-11 15:16:32 | INFO | ============================================================

2026-03-11 15:16:32 | INFO | ⏰ 다음 스캔까지 60초 대기...
2026-03-11 15:17:32 | INFO | 
🔥🔥🔥🔥🔥🔥🔥🔥🔥🔥🔥🔥🔥🔥🔥🔥🔥🔥🔥🔥🔥🔥🔥🔥🔥🔥🔥🔥🔥🔥
2026-03-11 15:17:32 | INFO | 🔥 반디퀼_트레이드봇-beta1 스캔 시작: 4개 종목
2026-03-11 15:17:32 | INFO | 🔥🔥🔥🔥🔥🔥🔥🔥🔥🔥🔥🔥🔥🔥🔥🔥🔥🔥🔥🔥🔥🔥🔥🔥🔥🔥🔥🔥🔥🔥

2026-03-11 15:17:32 | INFO | 
============================================================
2026-03-11 15:17:32 | INFO | 🔍 005930.KS 분석 시작
2026-03-11 15:17:32 | INFO | ============================================================
2026-03-11 15:17:32 | INFO | [Layer1] ❌ 005930.KS: Sentiment=0.59 (미달)
2026-03-11 15:17:32 | INFO | 
============================================================
2026-03-11 15:17:32 | INFO | 🔍 000660.KS 분석 시작
2026-03-11 15:17:32 | INFO | ============================================================
2026-03-11 15:17:32 | INFO | [Layer1] ❌ 000660.KS: Sentiment=0.09 (미달)
2026-03-11 15:17:32 | INFO | 
============================================================
2026-03-11 15:17:32 | INFO | 🔍 NVDA 분석 시작
2026-03-11 15:17:32 | INFO | ============================================================
2026-03-11 15:17:32 | INFO | [Layer1] ❌ NVDA: Sentiment=-0.82 (미달)
2026-03-11 15:17:32 | INFO | 
============================================================
2026-03-11 15:17:32 | INFO | 🔍 TSLA 분석 시작
2026-03-11 15:17:32 | INFO | ============================================================
2026-03-11 15:17:32 | INFO | [Layer1] ✅ TSLA: Sentiment=0.89 (≥0.8)
2026-03-11 15:17:33 | INFO | [Layer2] ❌ TSLA: GoldenCross=False, RSI=42.6, VIX=24.9
2026-03-11 15:17:33 | INFO | 
============================================================
2026-03-11 15:17:33 | INFO | 📊 반디_봇 포트폴리오
2026-03-11 15:17:33 | INFO | ============================================================
2026-03-11 15:17:33 | INFO | 💰 현금: 10,000,000원
2026-03-11 15:17:33 | INFO | 📈 보유 종목: 0개
2026-03-11 15:17:33 | INFO | 
💵 총 자산: 10,000,000원
2026-03-11 15:17:33 | INFO | 📊 총 수익률: +0.00%
2026-03-11 15:17:33 | INFO | ============================================================

2026-03-11 15:17:33 | INFO | ⏰ 다음 스캔까지 60초 대기...
2026-03-11 15:18:33 | INFO | 
🔥🔥🔥🔥🔥🔥🔥🔥🔥🔥🔥🔥🔥🔥🔥🔥🔥🔥🔥🔥🔥🔥🔥🔥🔥🔥🔥🔥🔥🔥
2026-03-11 15:18:33 | INFO | 🔥 반디퀼_트레이드봇-beta1 스캔 시작: 4개 종목
2026-03-11 15:18:33 | INFO | 🔥🔥🔥🔥🔥🔥🔥🔥🔥🔥🔥🔥🔥🔥🔥🔥🔥🔥🔥🔥🔥🔥🔥🔥🔥🔥🔥🔥🔥🔥

2026-03-11 15:18:33 | INFO | 
============================================================
2026-03-11 15:18:33 | INFO | 🔍 005930.KS 분석 시작
2026-03-11 15:18:33 | INFO | ============================================================
2026-03-11 15:18:33 | INFO | [Layer1] ❌ 005930.KS: Sentiment=0.14 (미달)
2026-03-11 15:18:33 | INFO | 
============================================================
2026-03-11 15:18:33 | INFO | 🔍 000660.KS 분석 시작
2026-03-11 15:18:33 | INFO | ============================================================
2026-03-11 15:18:33 | INFO | [Layer1] ❌ 000660.KS: Sentiment=-0.09 (미달)
2026-03-11 15:18:33 | INFO | 
============================================================
2026-03-11 15:18:33 | INFO | 🔍 NVDA 분석 시작
2026-03-11 15:18:33 | INFO | ============================================================
2026-03-11 15:18:33 | INFO | [Layer1] ❌ NVDA: Sentiment=0.76 (미달)
2026-03-11 15:18:33 | INFO | 
============================================================
2026-03-11 15:18:33 | INFO | 🔍 TSLA 분석 시작
2026-03-11 15:18:33 | INFO | ============================================================
2026-03-11 15:18:33 | INFO | [Layer1] ❌ TSLA: Sentiment=-0.22 (미달)
2026-03-11 15:18:33 | INFO | 
============================================================
2026-03-11 15:18:33 | INFO | 📊 반디_봇 포트폴리오
2026-03-11 15:18:33 | INFO | ============================================================
2026-03-11 15:18:33 | INFO | 💰 현금: 10,000,000원
2026-03-11 15:18:33 | INFO | 📈 보유 종목: 0개
2026-03-11 15:18:33 | INFO | 
💵 총 자산: 10,000,000원
2026-03-11 15:18:33 | INFO | 📊 총 수익률: +0.00%
2026-03-11 15:18:33 | INFO | ============================================================

2026-03-11 15:18:33 | INFO | ⏰ 다음 스캔까지 60초 대기...
2026-03-11 15:19:33 | INFO | 
🔥🔥🔥🔥🔥🔥🔥🔥🔥🔥🔥🔥🔥🔥🔥🔥🔥🔥🔥🔥🔥🔥🔥🔥🔥🔥🔥🔥🔥🔥
2026-03-11 15:19:33 | INFO | 🔥 반디퀼_트레이드봇-beta1 스캔 시작: 4개 종목
2026-03-11 15:19:33 | INFO | 🔥🔥🔥🔥🔥🔥🔥🔥🔥🔥🔥🔥🔥🔥🔥🔥🔥🔥🔥🔥🔥🔥🔥🔥🔥🔥🔥🔥🔥🔥

2026-03-11 15:19:33 | INFO | 
============================================================
2026-03-11 15:19:33 | INFO | 🔍 005930.KS 분석 시작
2026-03-11 15:19:33 | INFO | ============================================================
2026-03-11 15:19:33 | INFO | [Layer1] ❌ 005930.KS: Sentiment=0.23 (미달)
2026-03-11 15:19:33 | INFO | 
============================================================
2026-03-11 15:19:33 | INFO | 🔍 000660.KS 분석 시작
2026-03-11 15:19:33 | INFO | ============================================================
2026-03-11 15:19:33 | INFO | [Layer1] ❌ 000660.KS: Sentiment=0.08 (미달)
2026-03-11 15:19:33 | INFO | 
============================================================
2026-03-11 15:19:33 | INFO | 🔍 NVDA 분석 시작
2026-03-11 15:19:33 | INFO | ============================================================
2026-03-11 15:19:33 | INFO | [Layer1] ❌ NVDA: Sentiment=0.78 (미달)
2026-03-11 15:19:33 | INFO | 
============================================================
2026-03-11 15:19:33 | INFO | 🔍 TSLA 분석 시작
2026-03-11 15:19:33 | INFO | ============================================================
2026-03-11 15:19:33 | INFO | [Layer1] ❌ TSLA: Sentiment=-0.75 (미달)
2026-03-11 15:19:33 | INFO | 
============================================================
2026-03-11 15:19:33 | INFO | 📊 반디_봇 포트폴리오
2026-03-11 15:19:33 | INFO | ============================================================
2026-03-11 15:19:33 | INFO | 💰 현금: 10,000,000원
2026-03-11 15:19:33 | INFO | 📈 보유 종목: 0개
2026-03-11 15:19:33 | INFO | 
💵 총 자산: 10,000,000원
2026-03-11 15:19:33 | INFO | 📊 총 수익률: +0.00%
2026-03-11 15:19:33 | INFO | ============================================================

2026-03-11 15:19:33 | INFO | ⏰ 다음 스캔까지 60초 대기...
2026-03-11 15:20:33 | INFO | 
🔥🔥🔥🔥🔥🔥🔥🔥🔥🔥🔥🔥🔥🔥🔥🔥🔥🔥🔥🔥🔥🔥🔥🔥🔥🔥🔥🔥🔥🔥
2026-03-11 15:20:33 | INFO | 🔥 반디퀼_트레이드봇-beta1 스캔 시작: 4개 종목
2026-03-11 15:20:33 | INFO | 🔥🔥🔥🔥🔥🔥🔥🔥🔥🔥🔥🔥🔥🔥🔥🔥🔥🔥🔥🔥🔥🔥🔥🔥🔥🔥🔥🔥🔥🔥

2026-03-11 15:20:33 | INFO | 
============================================================
2026-03-11 15:20:33 | INFO | 🔍 005930.KS 분석 시작
2026-03-11 15:20:33 | INFO | ============================================================
2026-03-11 15:20:33 | INFO | [Layer1] ❌ 005930.KS: Sentiment=-0.98 (미달)
2026-03-11 15:20:33 | INFO | 
============================================================
2026-03-11 15:20:33 | INFO | 🔍 000660.KS 분석 시작
2026-03-11 15:20:33 | INFO | ============================================================
2026-03-11 15:20:33 | INFO | [Layer1] ✅ 000660.KS: Sentiment=0.97 (≥0.8)
2026-03-11 15:20:33 | INFO | [Layer2] ❌ 000660.KS: GoldenCross=False, RSI=54.3, VIX=24.9
2026-03-11 15:20:33 | INFO | 
============================================================
2026-03-11 15:20:33 | INFO | 🔍 NVDA 분석 시작
2026-03-11 15:20:33 | INFO | ============================================================
2026-03-11 15:20:33 | INFO | [Layer1] ❌ NVDA: Sentiment=-0.21 (미달)
2026-03-11 15:20:33 | INFO | 
============================================================
2026-03-11 15:20:33 | INFO | 🔍 TSLA 분석 시작
2026-03-11 15:20:33 | INFO | ============================================================
2026-03-11 15:20:33 | INFO | [Layer1] ❌ TSLA: Sentiment=-0.10 (미달)
2026-03-11 15:20:33 | INFO | 
============================================================
2026-03-11 15:20:33 | INFO | 📊 반디_봇 포트폴리오
2026-03-11 15:20:33 | INFO | ============================================================
2026-03-11 15:20:33 | INFO | 💰 현금: 10,000,000원
2026-03-11 15:20:33 | INFO | 📈 보유 종목: 0개
2026-03-11 15:20:33 | INFO | 
💵 총 자산: 10,000,000원
2026-03-11 15:20:33 | INFO | 📊 총 수익률: +0.00%
2026-03-11 15:20:33 | INFO | ============================================================

2026-03-11 15:20:33 | INFO | ⏰ 다음 스캔까지 60초 대기...
